\BOOKMARK [1][-]{tableofcontents.1}{Indice}{}% 1
\BOOKMARK [1][-]{lof.1}{Elenco delle figure}{}% 2
\BOOKMARK [-1][]{part.1}{Introduzione}{}% 3
\BOOKMARK [0][]{chapter.1}{1 Notazione}{part.1}% 4
\BOOKMARK [1][-]{section.1.1}{1.1 Insiemistica}{chapter.1}% 5
\BOOKMARK [1][-]{section.1.2}{1.2 Simboli logici}{chapter.1}% 6
\BOOKMARK [2][-]{subsection.1.2.1}{1.2.1 Intervalli}{section.1.2}% 7
\BOOKMARK [1][-]{section.1.3}{1.3 Insiemi}{chapter.1}% 8
\BOOKMARK [2][-]{subsection.1.3.1}{1.3.1 Relazioni tra insiemi}{section.1.3}% 9
\BOOKMARK [2][-]{subsection.1.3.2}{1.3.2 Operazioni tra insiemi}{section.1.3}% 10
\BOOKMARK [1][-]{section.1.4}{1.4 Numeri reali}{chapter.1}% 11
\BOOKMARK [1][-]{section.1.5}{1.5 Geometria}{chapter.1}% 12
\BOOKMARK [2][-]{subsection.1.5.1}{1.5.1 Circonferenza}{section.1.5}% 13
\BOOKMARK [1][-]{section.1.6}{1.6 Ellisse}{chapter.1}% 14
\BOOKMARK [-1][]{part.2}{Funzioni}{}% 15
\BOOKMARK [0][]{chapter.2}{2 Funzioni elementari di variabile reale}{part.2}% 16
\BOOKMARK [1][-]{section.2.1}{2.1 Il concetto di funzione}{chapter.2}% 17
\BOOKMARK [1][-]{section.2.2}{2.2 Operazioni tra funzioni}{chapter.2}% 18
\BOOKMARK [2][-]{subsection.2.2.1}{2.2.1 Nomenclatura}{section.2.2}% 19
\BOOKMARK [1][-]{section.2.3}{2.3 Funzioni pari e dispari}{chapter.2}% 20
\BOOKMARK [1][-]{section.2.4}{2.4 Funzioni monotone}{chapter.2}% 21
\BOOKMARK [1][-]{section.2.5}{2.5 Traslazioni, dilatazioni e riflessioni}{chapter.2}% 22
\BOOKMARK [2][-]{subsection.2.5.1}{2.5.1 Osservazioni}{section.2.5}% 23
\BOOKMARK [1][-]{section.2.6}{2.6 Simmetrie, traslazioni, compressioni e dilatazioni di grafici.}{chapter.2}% 24
\BOOKMARK [1][-]{section.2.7}{2.7 Funzione composta}{chapter.2}% 25
\BOOKMARK [1][-]{section.2.8}{2.8 Funzione inversa e sue propriet\340.}{chapter.2}% 26
\BOOKMARK [2][-]{subsection.2.8.1}{2.8.1 Costruire l'inverso di f}{section.2.8}% 27
\BOOKMARK [1][-]{section.2.9}{2.9 Polinomi}{chapter.2}% 28
\BOOKMARK [0][]{chapter.3}{3 Funzioni esponenziali e logaritmiche }{part.2}% 29
\BOOKMARK [1][-]{section.3.1}{3.1 Potenze}{chapter.3}% 30
\BOOKMARK [2][-]{subsection.3.1.1}{3.1.1 Propriet\340 delle potenze}{section.3.1}% 31
\BOOKMARK [1][-]{section.3.2}{3.2 Esponenziale}{chapter.3}% 32
\BOOKMARK [2][-]{subsection.3.2.1}{3.2.1 Propriet\340}{section.3.2}% 33
\BOOKMARK [1][-]{section.3.3}{3.3 Logaritmo}{chapter.3}% 34
\BOOKMARK [0][]{chapter.4}{4 Funzioni trigonometriche}{part.2}% 35
\BOOKMARK [1][-]{section.4.1}{4.1 Radianti}{chapter.4}% 36
\BOOKMARK [1][-]{section.4.2}{4.2 Le funzioni seno e coseno}{chapter.4}% 37
\BOOKMARK [2][-]{subsection.4.2.1}{4.2.1 Simmetria}{section.4.2}% 38
\BOOKMARK [2][-]{subsection.4.2.2}{4.2.2 Monotonia}{section.4.2}% 39
\BOOKMARK [2][-]{subsection.4.2.3}{4.2.3 Formule trigonometriche}{section.4.2}% 40
\BOOKMARK [1][-]{section.4.3}{4.3 La funzione tangente}{chapter.4}% 41
\BOOKMARK [2][-]{subsection.4.3.1}{4.3.1 Simmetria}{section.4.3}% 42
\BOOKMARK [2][-]{subsection.4.3.2}{4.3.2 Monotonia}{section.4.3}% 43
\BOOKMARK [1][-]{section.4.4}{4.4 Funzioni trigonometriche inverse}{chapter.4}% 44
\BOOKMARK [2][-]{subsection.4.4.1}{4.4.1 Dominio ed immagine}{section.4.4}% 45
\BOOKMARK [2][-]{subsection.4.4.2}{4.4.2 Parit\340}{section.4.4}% 46
\BOOKMARK [2][-]{subsection.4.4.3}{4.4.3 Monotonia}{section.4.4}% 47
\BOOKMARK [2][-]{subsection.4.4.4}{4.4.4 Relazioni}{section.4.4}% 48
