\BOOKMARK [1][-]{tableofcontents.1}{Indice}{}% 1
\BOOKMARK [-1][]{part.1}{ Introduzione}{}% 2
\BOOKMARK [0][]{chapter.1}{1 Notazione}{part.1}% 3
\BOOKMARK [1][-]{section.1.1}{1.1 Insiemistica}{chapter.1}% 4
\BOOKMARK [1][-]{section.1.2}{1.2 Simboli logici}{chapter.1}% 5
\BOOKMARK [2][-]{subsection.1.2.1}{1.2.1 Intervalli}{section.1.2}% 6
\BOOKMARK [1][-]{section.1.3}{1.3 Insiemi}{chapter.1}% 7
\BOOKMARK [2][-]{subsection.1.3.1}{1.3.1 Relazioni tra insiemi}{section.1.3}% 8
\BOOKMARK [2][-]{subsection.1.3.2}{1.3.2 Operazioni tra insiemi}{section.1.3}% 9
\BOOKMARK [1][-]{section.1.4}{1.4 Numeri reali}{chapter.1}% 10
\BOOKMARK [1][-]{section.1.5}{1.5 Geometria}{chapter.1}% 11
\BOOKMARK [2][-]{subsection.1.5.1}{1.5.1 Circonferenza}{section.1.5}% 12
\BOOKMARK [1][-]{section.1.6}{1.6 Ellisse}{chapter.1}% 13
\BOOKMARK [-1][]{part.2}{ Funzioni}{}% 14
\BOOKMARK [0][]{chapter.2}{2 Funzioni elementari di variabile reale}{part.2}% 15
\BOOKMARK [1][-]{section.2.1}{2.1 Il concetto di funzione}{chapter.2}% 16
\BOOKMARK [1][-]{section.2.2}{2.2 Operazioni tra funzioni}{chapter.2}% 17
\BOOKMARK [2][-]{subsection.2.2.1}{2.2.1 Nomenclatura}{section.2.2}% 18
\BOOKMARK [1][-]{section.2.3}{2.3 Funzioni pari e dispari}{chapter.2}% 19
\BOOKMARK [1][-]{section.2.4}{2.4 Funzioni monotone}{chapter.2}% 20
\BOOKMARK [1][-]{section.2.5}{2.5 Traslazioni, dilatazioni e riflessioni}{chapter.2}% 21
\BOOKMARK [2][-]{subsection.2.5.1}{2.5.1 Osservazioni}{section.2.5}% 22
\BOOKMARK [1][-]{section.2.6}{2.6 Simmetrie, traslazioni, compressioni e dilatazioni di grafici.}{chapter.2}% 23
\BOOKMARK [1][-]{section.2.7}{2.7 Funzione composta}{chapter.2}% 24
\BOOKMARK [1][-]{section.2.8}{2.8 Funzione inversa e sue propriet\340.}{chapter.2}% 25
\BOOKMARK [2][-]{subsection.2.8.1}{2.8.1 Costruire l'inverso di f}{section.2.8}% 26
\BOOKMARK [1][-]{section.2.9}{2.9 Polinomi}{chapter.2}% 27
\BOOKMARK [0][]{chapter.3}{3 Funzioni esponenziali e logaritmiche }{part.2}% 28
\BOOKMARK [1][-]{section.3.1}{3.1 Potenze}{chapter.3}% 29
\BOOKMARK [2][-]{subsection.3.1.1}{3.1.1 Propriet\340 delle potenze}{section.3.1}% 30
\BOOKMARK [1][-]{section.3.2}{3.2 Esponenziale}{chapter.3}% 31
\BOOKMARK [2][-]{subsection.3.2.1}{3.2.1 Propriet\340}{section.3.2}% 32
\BOOKMARK [1][-]{section.3.3}{3.3 Logaritmo}{chapter.3}% 33
\BOOKMARK [0][]{chapter.4}{4 Funzioni trigonometriche}{part.2}% 34
\BOOKMARK [1][-]{section.4.1}{4.1 Radianti}{chapter.4}% 35
\BOOKMARK [1][-]{section.4.2}{4.2 Le funzioni seno e coseno}{chapter.4}% 36
\BOOKMARK [2][-]{subsection.4.2.1}{4.2.1 Simmetria}{section.4.2}% 37
\BOOKMARK [2][-]{subsection.4.2.2}{4.2.2 Monotonia}{section.4.2}% 38
\BOOKMARK [2][-]{subsection.4.2.3}{4.2.3 Formule trigonometriche}{section.4.2}% 39
\BOOKMARK [1][-]{section.4.3}{4.3 La funzione tangente}{chapter.4}% 40
\BOOKMARK [2][-]{subsection.4.3.1}{4.3.1 Simmetria}{section.4.3}% 41
\BOOKMARK [2][-]{subsection.4.3.2}{4.3.2 Monotonia}{section.4.3}% 42
\BOOKMARK [1][-]{section.4.4}{4.4 Funzioni trigonometriche inverse}{chapter.4}% 43
\BOOKMARK [2][-]{subsection.4.4.1}{4.4.1 Dominio ed immagine}{section.4.4}% 44
\BOOKMARK [2][-]{subsection.4.4.2}{4.4.2 Parit\340}{section.4.4}% 45
\BOOKMARK [2][-]{subsection.4.4.3}{4.4.3 Monotonia}{section.4.4}% 46
\BOOKMARK [2][-]{subsection.4.4.4}{4.4.4 Relazioni}{section.4.4}% 47
\BOOKMARK [-1][]{part.3}{ Funzioni continue e limiti}{}% 48
\BOOKMARK [0][]{chapter.5}{5 Funzioni continue}{part.3}% 49
\BOOKMARK [1][-]{section.5.1}{5.1 Funzioni continue}{chapter.5}% 50
\BOOKMARK [0][]{chapter.6}{6 Limiti}{part.3}% 51
\BOOKMARK [1][-]{section.6.1}{6.1 Punto di accumulazione}{chapter.6}% 52
\BOOKMARK [1][-]{section.6.2}{6.2 Limite}{chapter.6}% 53
\BOOKMARK [2][-]{subsection.6.2.1}{6.2.1 Limite destro e sinitro}{section.6.2}% 54
\BOOKMARK [1][-]{section.6.3}{6.3 Limiti agli estremi del dominio di definizione}{chapter.6}% 55
\BOOKMARK [2][-]{subsection.6.3.1}{6.3.1 Potenze}{section.6.3}% 56
\BOOKMARK [2][-]{subsection.6.3.2}{6.3.2 Esponenziali e logaritmi}{section.6.3}% 57
\BOOKMARK [2][-]{subsection.6.3.3}{6.3.3 Funzioni trigonometriche ed inverse}{section.6.3}% 58
\BOOKMARK [2][-]{subsection.6.3.4}{6.3.4 Forme indeterminate del tipo 0/0}{section.6.3}% 59
\BOOKMARK [2][-]{subsection.6.3.5}{6.3.5 Forme indeterminate del tipo infinito/infinito o 0infinito}{section.6.3}% 60
\BOOKMARK [1][-]{section.6.4}{6.4 Intorno}{chapter.6}% 61
\BOOKMARK [1][-]{section.6.5}{6.5 Limiti di successioni}{chapter.6}% 62
\BOOKMARK [1][-]{section.6.6}{6.6 Estremo superiore, inferiore, massimo e minimo assoluto.}{chapter.6}% 63
\BOOKMARK [1][-]{section.6.7}{6.7 Teorema degli zeri}{chapter.6}% 64
\BOOKMARK [-1][]{part.4}{ Derivate ed integrali}{}% 65
\BOOKMARK [0][]{chapter.7}{7 Derivate}{part.4}% 66
\BOOKMARK [1][-]{section.7.1}{7.1 Rette nel piano}{chapter.7}% 67
\BOOKMARK [1][-]{section.7.2}{7.2 Derivata e retta tangente}{chapter.7}% 68
\BOOKMARK [1][-]{section.7.3}{7.3 Derivate delle funzioni elementari}{chapter.7}% 69
\BOOKMARK [1][-]{section.7.4}{7.4 Derivata destra e sinistra}{chapter.7}% 70
\BOOKMARK [1][-]{section.7.5}{7.5 Propriet\340 delle funzioni derivabili.}{chapter.7}% 71
\BOOKMARK [1][-]{section.7.6}{7.6 Derivata funzione inversa}{chapter.7}% 72
\BOOKMARK [1][-]{section.7.7}{7.7 Estremi relativi}{chapter.7}% 73
\BOOKMARK [1][-]{section.7.8}{7.8 De l'Hopital}{chapter.7}% 74
\BOOKMARK [1][-]{section.7.9}{7.9 Derivate di ordine successivo}{chapter.7}% 75
\BOOKMARK [1][-]{section.7.10}{7.10 Funzioni convesse e concave}{chapter.7}% 76
\BOOKMARK [0][]{chapter.8}{8 Integrali}{part.4}% 77
\BOOKMARK [1][-]{section.8.1}{8.1 Integrali indefiniti}{chapter.8}% 78
\BOOKMARK [1][-]{section.8.2}{8.2 Somme parziali inferiori e superiori}{chapter.8}% 79
\BOOKMARK [1][-]{section.8.3}{8.3 Funzioni integrabili}{chapter.8}% 80
\BOOKMARK [-1][]{part.5}{ Appendix}{}% 81
\BOOKMARK [0][]{appendix.Alph1}{a Studio di funzioni}{part.5}% 82
\BOOKMARK [0][]{appendix.Alph2}{b Limiti}{part.5}% 83
\BOOKMARK [1][-]{section.Alph2.1}{b.1 Limiti notevoli}{appendix.Alph2}% 84
\BOOKMARK [1][-]{section.Alph2.2}{b.2 Forme indeterminate}{appendix.Alph2}% 85
\BOOKMARK [0][]{appendix.Alph3}{c Derivate}{part.5}% 86
\BOOKMARK [1][-]{section.Alph3.1}{c.1 Derivate fondamentali}{appendix.Alph3}% 87
\BOOKMARK [1][-]{section.Alph3.2}{c.2 Regole di derivazione}{appendix.Alph3}% 88
\BOOKMARK [0][]{appendix.Alph4}{d Integrali}{part.5}% 89
\BOOKMARK [1][-]{section.Alph4.1}{d.1 Propriet\340 degli integrali indefiniti}{appendix.Alph4}% 90
\BOOKMARK [1][-]{section.Alph4.2}{d.2 Integrali indefiniti elementari}{appendix.Alph4}% 91
\BOOKMARK [1][-]{section.Alph4.3}{d.3 Integrali indefiniti notevoli}{appendix.Alph4}% 92
\BOOKMARK [1][-]{section.Alph4.4}{d.4 Integrali indefiniti riconducibili ad elementari}{appendix.Alph4}% 93
\BOOKMARK [1][-]{section.Alph4.5}{d.5 Integrazione per parti e per sostituzione}{appendix.Alph4}% 94
\BOOKMARK [2][-]{subsection.Alph4.5.1}{d.5.1 Integrale indefinito}{section.Alph4.5}% 95
\BOOKMARK [2][-]{subsection.Alph4.5.2}{d.5.2 Integrale definito}{section.Alph4.5}% 96
\BOOKMARK [0][]{appendix.Alph5}{e Integrali funzioni razionali}{part.5}% 97
\BOOKMARK [1][-]{section.Alph5.1}{e.1 Abbassamento di grado}{appendix.Alph5}% 98
\BOOKMARK [2][-]{subsection.Alph5.1.1}{e.1.1 Esempio}{section.Alph5.1}% 99
