\BOOKMARK [0][-]{chapter.1}{Notazione}{}% 1
\BOOKMARK [1][-]{section.1.1}{Insiemi}{chapter.1}% 2
\BOOKMARK [1][-]{section.1.2}{Logica}{chapter.1}% 3
\BOOKMARK [1][-]{section.1.3}{Operazioni tra insiemi}{chapter.1}% 4
\BOOKMARK [1][-]{section.1.4}{Prodotto cartesiano}{chapter.1}% 5
\BOOKMARK [2][-]{subsection.1.4.1}{Intervalli}{section.1.4}% 6
\BOOKMARK [1][-]{section.1.5}{Propriet\340 delle operazioni tra numeri reali}{chapter.1}% 7
\BOOKMARK [1][-]{section.1.6}{Geometria}{chapter.1}% 8
\BOOKMARK [2][-]{subsection.1.6.1}{Circonferenza}{section.1.6}% 9
\BOOKMARK [2][-]{subsection.1.6.2}{Ellisse}{section.1.6}% 10
\BOOKMARK [0][-]{chapter.2}{Funzioni}{}% 11
\BOOKMARK [1][-]{section.2.1}{Il concetto di funzione}{chapter.2}% 12
\BOOKMARK [1][-]{section.2.2}{Operazioni tra funzioni}{chapter.2}% 13
\BOOKMARK [2][-]{subsection.2.2.1}{Nomenclatura}{section.2.2}% 14
\BOOKMARK [1][-]{section.2.3}{Funzioni reali di variabile reale}{chapter.2}% 15
\BOOKMARK [2][-]{subsection.2.3.1}{Funzioni pari e dispari}{section.2.3}% 16
\BOOKMARK [2][-]{subsection.2.3.2}{Funzioni monotone}{section.2.3}% 17
\BOOKMARK [1][-]{section.2.4}{Traslazioni, dilatazioni e riflessioni}{chapter.2}% 18
\BOOKMARK [1][-]{section.2.5}{Simmetrie, traslazioni, compressioni e dilatazioni di grafici.}{chapter.2}% 19
\BOOKMARK [1][-]{section.2.6}{Funzione composta}{chapter.2}% 20
\BOOKMARK [1][-]{section.2.7}{Funzione inversa e sue propriet\340.}{chapter.2}% 21
\BOOKMARK [2][-]{subsection.2.7.1}{Costruire l'inverso di f}{section.2.7}% 22
\BOOKMARK [1][-]{section.2.8}{Funzioni elementari}{chapter.2}% 23
\BOOKMARK [2][-]{subsection.2.8.1}{Polinomi}{section.2.8}% 24
\BOOKMARK [2][-]{subsection.2.8.2}{Potenze}{section.2.8}% 25
\BOOKMARK [2][-]{subsection.2.8.3}{Esponenziale}{section.2.8}% 26
\BOOKMARK [2][-]{subsection.2.8.4}{Logaritmo}{section.2.8}% 27
\BOOKMARK [1][-]{section.2.9}{Funzioni trigonometriche}{chapter.2}% 28
\BOOKMARK [2][-]{subsection.2.9.1}{Le funzioni seno e coseno}{section.2.9}% 29
\BOOKMARK [2][-]{subsection.2.9.2}{La funzione tangente e la funzione cotangente}{section.2.9}% 30
